This is XeTeX, Version 3.141592653-2.6-0.999994 (TeX Live 2022) (preloaded format=xelatex 2022.4.28)  3 AUG 2024 23:28
entering extended mode
 restricted \write18 enabled.
 %&-line parsing enabled.
**main_progress.tex
(./main_progress.tex
LaTeX2e <2021-11-15> patch level 1
L3 programming layer <2022-02-24>
(d:/texlive/2022/texmf-dist/tex/latex/base/article.cls
Document Class: article 2021/10/04 v1.4n Standard LaTeX document class
(d:/texlive/2022/texmf-dist/tex/latex/base/size11.clo
File: size11.clo 2021/10/04 v1.4n Standard LaTeX file (size option)
)
\c@part=\count181
\c@section=\count182
\c@subsection=\count183
\c@subsubsection=\count184
\c@paragraph=\count185
\c@subparagraph=\count186
\c@figure=\count187
\c@table=\count188
\abovecaptionskip=\skip47
\belowcaptionskip=\skip48
\bibindent=\dimen138
)
(d:/texlive/2022/texmf-dist/tex/latex/hyperref/hyperref.sty
Package: hyperref 2022-02-21 v7.00n Hypertext links for LaTeX

(d:/texlive/2022/texmf-dist/tex/generic/ltxcmds/ltxcmds.sty
Package: ltxcmds 2020-05-10 v1.25 LaTeX kernel commands for general use (HO)
)
(d:/texlive/2022/texmf-dist/tex/generic/iftex/iftex.sty
Package: iftex 2022/02/03 v1.0f TeX engine tests
)
(d:/texlive/2022/texmf-dist/tex/generic/pdftexcmds/pdftexcmds.sty
Package: pdftexcmds 2020-06-27 v0.33 Utility functions of pdfTeX for LuaTeX (HO
)

(d:/texlive/2022/texmf-dist/tex/generic/infwarerr/infwarerr.sty
Package: infwarerr 2019/12/03 v1.5 Providing info/warning/error messages (HO)
)
Package pdftexcmds Info: \pdf@primitive is available.
Package pdftexcmds Info: \pdf@ifprimitive is available.
Package pdftexcmds Info: \pdfdraftmode not found.
)
(d:/texlive/2022/texmf-dist/tex/latex/graphics/keyval.sty
Package: keyval 2014/10/28 v1.15 key=value parser (DPC)
\KV@toks@=\toks16
)
(d:/texlive/2022/texmf-dist/tex/generic/kvsetkeys/kvsetkeys.sty
Package: kvsetkeys 2019/12/15 v1.18 Key value parser (HO)
)
(d:/texlive/2022/texmf-dist/tex/generic/kvdefinekeys/kvdefinekeys.sty
Package: kvdefinekeys 2019-12-19 v1.6 Define keys (HO)
)
(d:/texlive/2022/texmf-dist/tex/generic/pdfescape/pdfescape.sty
Package: pdfescape 2019/12/09 v1.15 Implements pdfTeX's escape features (HO)
)
(d:/texlive/2022/texmf-dist/tex/latex/hycolor/hycolor.sty
Package: hycolor 2020-01-27 v1.10 Color options for hyperref/bookmark (HO)
)
(d:/texlive/2022/texmf-dist/tex/latex/letltxmacro/letltxmacro.sty
Package: letltxmacro 2019/12/03 v1.6 Let assignment for LaTeX macros (HO)
)
(d:/texlive/2022/texmf-dist/tex/latex/auxhook/auxhook.sty
Package: auxhook 2019-12-17 v1.6 Hooks for auxiliary files (HO)
)
(d:/texlive/2022/texmf-dist/tex/latex/kvoptions/kvoptions.sty
Package: kvoptions 2020-10-07 v3.14 Key value format for package options (HO)
)
\@linkdim=\dimen139
\Hy@linkcounter=\count189
\Hy@pagecounter=\count190

(d:/texlive/2022/texmf-dist/tex/latex/hyperref/pd1enc.def
File: pd1enc.def 2022-02-21 v7.00n Hyperref: PDFDocEncoding definition (HO)
)
(d:/texlive/2022/texmf-dist/tex/generic/intcalc/intcalc.sty
Package: intcalc 2019/12/15 v1.3 Expandable calculations with integers (HO)
)
(d:/texlive/2022/texmf-dist/tex/generic/etexcmds/etexcmds.sty
Package: etexcmds 2019/12/15 v1.7 Avoid name clashes with e-TeX commands (HO)
)
\Hy@SavedSpaceFactor=\count191

(d:/texlive/2022/texmf-dist/tex/latex/hyperref/puenc.def
File: puenc.def 2022-02-21 v7.00n Hyperref: PDF Unicode definition (HO)
)
Package hyperref Info: Hyper figures OFF on input line 4137.
Package hyperref Info: Link nesting OFF on input line 4142.
Package hyperref Info: Hyper index ON on input line 4145.
Package hyperref Info: Plain pages OFF on input line 4152.
Package hyperref Info: Backreferencing OFF on input line 4157.
Package hyperref Info: Implicit mode ON; LaTeX internals redefined.
Package hyperref Info: Bookmarks ON on input line 4390.
\c@Hy@tempcnt=\count192

(d:/texlive/2022/texmf-dist/tex/latex/url/url.sty
\Urlmuskip=\muskip16
Package: url 2013/09/16  ver 3.4  Verb mode for urls, etc.
)
LaTeX Info: Redefining \url on input line 4749.
\XeTeXLinkMargin=\dimen140

(d:/texlive/2022/texmf-dist/tex/generic/bitset/bitset.sty
Package: bitset 2019/12/09 v1.3 Handle bit-vector datatype (HO)

(d:/texlive/2022/texmf-dist/tex/generic/bigintcalc/bigintcalc.sty
Package: bigintcalc 2019/12/15 v1.5 Expandable calculations on big integers (HO
)
))
\Fld@menulength=\count193
\Field@Width=\dimen141
\Fld@charsize=\dimen142
Package hyperref Info: Hyper figures OFF on input line 6027.
Package hyperref Info: Link nesting OFF on input line 6032.
Package hyperref Info: Hyper index ON on input line 6035.
Package hyperref Info: backreferencing OFF on input line 6042.
Package hyperref Info: Link coloring OFF on input line 6047.
Package hyperref Info: Link coloring with OCG OFF on input line 6052.
Package hyperref Info: PDF/A mode OFF on input line 6057.
LaTeX Info: Redefining \ref on input line 6097.
LaTeX Info: Redefining \pageref on input line 6101.

(d:/texlive/2022/texmf-dist/tex/latex/base/atbegshi-ltx.sty
Package: atbegshi-ltx 2021/01/10 v1.0c Emulation of the original atbegshi
package with kernel methods
)
\Hy@abspage=\count194
\c@Item=\count195
\c@Hfootnote=\count196
)
Package hyperref Info: Driver (autodetected): hxetex.

(d:/texlive/2022/texmf-dist/tex/latex/hyperref/hxetex.def
File: hxetex.def 2022-02-21 v7.00n Hyperref driver for XeTeX

(d:/texlive/2022/texmf-dist/tex/generic/stringenc/stringenc.sty
Package: stringenc 2019/11/29 v1.12 Convert strings between diff. encodings (HO
)
)
\pdfm@box=\box50
\c@Hy@AnnotLevel=\count197
\HyField@AnnotCount=\count198
\Fld@listcount=\count199
\c@bookmark@seq@number=\count266

(d:/texlive/2022/texmf-dist/tex/latex/rerunfilecheck/rerunfilecheck.sty
Package: rerunfilecheck 2019/12/05 v1.9 Rerun checks for auxiliary files (HO)

(d:/texlive/2022/texmf-dist/tex/latex/base/atveryend-ltx.sty
Package: atveryend-ltx 2020/08/19 v1.0a Emulation of the original atveryend pac
kage
with kernel methods
)
(d:/texlive/2022/texmf-dist/tex/generic/uniquecounter/uniquecounter.sty
Package: uniquecounter 2019/12/15 v1.4 Provide unlimited unique counter (HO)
)
Package uniquecounter Info: New unique counter `rerunfilecheck' on input line 2
86.
)
\Hy@SectionHShift=\skip49
)
(d:/texlive/2022/texmf-dist/tex/latex/geometry/geometry.sty
Package: geometry 2020/01/02 v5.9 Page Geometry

(d:/texlive/2022/texmf-dist/tex/generic/iftex/ifvtex.sty
Package: ifvtex 2019/10/25 v1.7 ifvtex legacy package. Use iftex instead.
)
\Gm@cnth=\count267
\Gm@cntv=\count268
\c@Gm@tempcnt=\count269
\Gm@bindingoffset=\dimen143
\Gm@wd@mp=\dimen144
\Gm@odd@mp=\dimen145
\Gm@even@mp=\dimen146
\Gm@layoutwidth=\dimen147
\Gm@layoutheight=\dimen148
\Gm@layouthoffset=\dimen149
\Gm@layoutvoffset=\dimen150
\Gm@dimlist=\toks17
)
Package hyperref Info: Option `colorlinks' set `true' on input line 6.

(d:/texlive/2022/texmf-dist/tex/latex/amsmath/amsmath.sty
Package: amsmath 2021/10/15 v2.17l AMS math features
\@mathmargin=\skip50

For additional information on amsmath, use the `?' option.
(d:/texlive/2022/texmf-dist/tex/latex/amsmath/amstext.sty
Package: amstext 2021/08/26 v2.01 AMS text

(d:/texlive/2022/texmf-dist/tex/latex/amsmath/amsgen.sty
File: amsgen.sty 1999/11/30 v2.0 generic functions
\@emptytoks=\toks18
\ex@=\dimen151
))
(d:/texlive/2022/texmf-dist/tex/latex/amsmath/amsbsy.sty
Package: amsbsy 1999/11/29 v1.2d Bold Symbols
\pmbraise@=\dimen152
)
(d:/texlive/2022/texmf-dist/tex/latex/amsmath/amsopn.sty
Package: amsopn 2021/08/26 v2.02 operator names
)
\inf@bad=\count270
LaTeX Info: Redefining \frac on input line 234.
\uproot@=\count271
\leftroot@=\count272
LaTeX Info: Redefining \overline on input line 399.
\classnum@=\count273
\DOTSCASE@=\count274
LaTeX Info: Redefining \ldots on input line 496.
LaTeX Info: Redefining \dots on input line 499.
LaTeX Info: Redefining \cdots on input line 620.
\Mathstrutbox@=\box51
\strutbox@=\box52
\big@size=\dimen153
LaTeX Font Info:    Redeclaring font encoding OML on input line 743.
LaTeX Font Info:    Redeclaring font encoding OMS on input line 744.
\macc@depth=\count275
\c@MaxMatrixCols=\count276
\dotsspace@=\muskip17
\c@parentequation=\count277
\dspbrk@lvl=\count278
\tag@help=\toks19
\row@=\count279
\column@=\count280
\maxfields@=\count281
\andhelp@=\toks20
\eqnshift@=\dimen154
\alignsep@=\dimen155
\tagshift@=\dimen156
\tagwidth@=\dimen157
\totwidth@=\dimen158
\lineht@=\dimen159
\@envbody=\toks21
\multlinegap=\skip51
\multlinetaggap=\skip52
\mathdisplay@stack=\toks22
LaTeX Info: Redefining \[ on input line 2938.
LaTeX Info: Redefining \] on input line 2939.
)
(d:/texlive/2022/texmf-dist/tex/latex/amscls/amsthm.sty
Package: amsthm 2020/05/29 v2.20.6
\thm@style=\toks23
\thm@bodyfont=\toks24
\thm@headfont=\toks25
\thm@notefont=\toks26
\thm@headpunct=\toks27
\thm@preskip=\skip53
\thm@postskip=\skip54
\thm@headsep=\skip55
\dth@everypar=\toks28
)
(d:/texlive/2022/texmf-dist/tex/latex/amsfonts/amsfonts.sty
Package: amsfonts 2013/01/14 v3.01 Basic AMSFonts support
\symAMSa=\mathgroup4
\symAMSb=\mathgroup5
LaTeX Font Info:    Redeclaring math symbol \hbar on input line 98.
LaTeX Font Info:    Overwriting math alphabet `\mathfrak' in version `bold'
(Font)                  U/euf/m/n --> U/euf/b/n on input line 106.
)
(d:/texlive/2022/texmf-dist/tex/generic/ulem/ulem.sty
\UL@box=\box53
\UL@hyphenbox=\box54
\UL@skip=\skip56
\UL@hook=\toks29
\UL@height=\dimen160
\UL@pe=\count282
\UL@pixel=\dimen161
\ULC@box=\box55
Package: ulem 2019/11/18
\ULdepth=\dimen162
)
(d:/texlive/2022/texmf-dist/tex/latex/amsfonts/amssymb.sty
Package: amssymb 2013/01/14 v3.01 AMS font symbols
)
(d:/texlive/2022/texmf-dist/tex/latex/bbm-macros/bbm.sty
Package: bbm 1999/03/15 V 1.2 provides fonts for set symbols - TH
LaTeX Font Info:    Overwriting math alphabet `\mathbbm' in version `bold'
(Font)                  U/bbm/m/n --> U/bbm/bx/n on input line 33.
LaTeX Font Info:    Overwriting math alphabet `\mathbbmss' in version `bold'
(Font)                  U/bbmss/m/n --> U/bbmss/bx/n on input line 35.
)
(d:/texlive/2022/texmf-dist/tex/latex/jknapltx/mathrsfs.sty
Package: mathrsfs 1996/01/01 Math RSFS package v1.0 (jk)
\symrsfs=\mathgroup6
)
(d:/texlive/2022/texmf-dist/tex/latex/caption/subcaption.sty
Package: subcaption 2022/01/07 v1.5 Sub-captions (AR)

(d:/texlive/2022/texmf-dist/tex/latex/caption/caption.sty
Package: caption 2022/03/01 v3.6b Customizing captions (AR)

(d:/texlive/2022/texmf-dist/tex/latex/caption/caption3.sty
Package: caption3 2022/03/17 v2.3b caption3 kernel (AR)
\caption@tempdima=\dimen163
\captionmargin=\dimen164
\caption@leftmargin=\dimen165
\caption@rightmargin=\dimen166
\caption@width=\dimen167
\caption@indent=\dimen168
\caption@parindent=\dimen169
\caption@hangindent=\dimen170
Package caption Info: Standard document class detected.
)
\c@caption@flags=\count283
\c@continuedfloat=\count284
Package caption Info: hyperref package is loaded.
)
\c@subfigure=\count285
\c@subtable=\count286
)
(d:/texlive/2022/texmf-dist/tex/latex/pgf/frontendlayer/tikz.sty
(d:/texlive/2022/texmf-dist/tex/latex/pgf/basiclayer/pgf.sty
(d:/texlive/2022/texmf-dist/tex/latex/pgf/utilities/pgfrcs.sty
(d:/texlive/2022/texmf-dist/tex/generic/pgf/utilities/pgfutil-common.tex
\pgfutil@everybye=\toks30
\pgfutil@tempdima=\dimen171
\pgfutil@tempdimb=\dimen172

(d:/texlive/2022/texmf-dist/tex/generic/pgf/utilities/pgfutil-common-lists.tex)
) (d:/texlive/2022/texmf-dist/tex/generic/pgf/utilities/pgfutil-latex.def
\pgfutil@abb=\box56
)
(d:/texlive/2022/texmf-dist/tex/generic/pgf/utilities/pgfrcs.code.tex
(d:/texlive/2022/texmf-dist/tex/generic/pgf/pgf.revision.tex)
Package: pgfrcs 2021/05/15 v3.1.9a (3.1.9a)
))
Package: pgf 2021/05/15 v3.1.9a (3.1.9a)

(d:/texlive/2022/texmf-dist/tex/latex/pgf/basiclayer/pgfcore.sty
(d:/texlive/2022/texmf-dist/tex/latex/graphics/graphicx.sty
Package: graphicx 2021/09/16 v1.2d Enhanced LaTeX Graphics (DPC,SPQR)

(d:/texlive/2022/texmf-dist/tex/latex/graphics/graphics.sty
Package: graphics 2021/03/04 v1.4d Standard LaTeX Graphics (DPC,SPQR)

(d:/texlive/2022/texmf-dist/tex/latex/graphics/trig.sty
Package: trig 2021/08/11 v1.11 sin cos tan (DPC)
)
(d:/texlive/2022/texmf-dist/tex/latex/graphics-cfg/graphics.cfg
File: graphics.cfg 2016/06/04 v1.11 sample graphics configuration
)
Package graphics Info: Driver file: xetex.def on input line 107.

(d:/texlive/2022/texmf-dist/tex/latex/graphics-def/xetex.def
File: xetex.def 2021/03/18 v5.0k Graphics/color driver for xetex
))
\Gin@req@height=\dimen173
\Gin@req@width=\dimen174
)
(d:/texlive/2022/texmf-dist/tex/latex/pgf/systemlayer/pgfsys.sty
(d:/texlive/2022/texmf-dist/tex/generic/pgf/systemlayer/pgfsys.code.tex
Package: pgfsys 2021/05/15 v3.1.9a (3.1.9a)

(d:/texlive/2022/texmf-dist/tex/generic/pgf/utilities/pgfkeys.code.tex
\pgfkeys@pathtoks=\toks31
\pgfkeys@temptoks=\toks32

(d:/texlive/2022/texmf-dist/tex/generic/pgf/utilities/pgfkeysfiltered.code.tex
\pgfkeys@tmptoks=\toks33
))
\pgf@x=\dimen175
\pgf@y=\dimen176
\pgf@xa=\dimen177
\pgf@ya=\dimen178
\pgf@xb=\dimen179
\pgf@yb=\dimen180
\pgf@xc=\dimen181
\pgf@yc=\dimen182
\pgf@xd=\dimen183
\pgf@yd=\dimen184
\w@pgf@writea=\write3
\r@pgf@reada=\read2
\c@pgf@counta=\count287
\c@pgf@countb=\count288
\c@pgf@countc=\count289
\c@pgf@countd=\count290
\t@pgf@toka=\toks34
\t@pgf@tokb=\toks35
\t@pgf@tokc=\toks36
\pgf@sys@id@count=\count291
 (d:/texlive/2022/texmf-dist/tex/generic/pgf/systemlayer/pgf.cfg
File: pgf.cfg 2021/05/15 v3.1.9a (3.1.9a)
)
Driver file for pgf: pgfsys-xetex.def

(d:/texlive/2022/texmf-dist/tex/generic/pgf/systemlayer/pgfsys-xetex.def
File: pgfsys-xetex.def 2021/05/15 v3.1.9a (3.1.9a)

(d:/texlive/2022/texmf-dist/tex/generic/pgf/systemlayer/pgfsys-dvipdfmx.def
File: pgfsys-dvipdfmx.def 2021/05/15 v3.1.9a (3.1.9a)

(d:/texlive/2022/texmf-dist/tex/generic/pgf/systemlayer/pgfsys-common-pdf.def
File: pgfsys-common-pdf.def 2021/05/15 v3.1.9a (3.1.9a)
)
\pgfsys@objnum=\count292
)))
(d:/texlive/2022/texmf-dist/tex/generic/pgf/systemlayer/pgfsyssoftpath.code.tex
File: pgfsyssoftpath.code.tex 2021/05/15 v3.1.9a (3.1.9a)
\pgfsyssoftpath@smallbuffer@items=\count293
\pgfsyssoftpath@bigbuffer@items=\count294
)
(d:/texlive/2022/texmf-dist/tex/generic/pgf/systemlayer/pgfsysprotocol.code.tex
File: pgfsysprotocol.code.tex 2021/05/15 v3.1.9a (3.1.9a)
)) (d:/texlive/2022/texmf-dist/tex/latex/xcolor/xcolor.sty
Package: xcolor 2021/10/31 v2.13 LaTeX color extensions (UK)

(d:/texlive/2022/texmf-dist/tex/latex/graphics-cfg/color.cfg
File: color.cfg 2016/01/02 v1.6 sample color configuration
)
Package xcolor Info: Driver file: xetex.def on input line 227.
Package xcolor Info: Model `cmy' substituted by `cmy0' on input line 1352.
Package xcolor Info: Model `RGB' extended on input line 1368.
Package xcolor Info: Model `HTML' substituted by `rgb' on input line 1370.
Package xcolor Info: Model `Hsb' substituted by `hsb' on input line 1371.
Package xcolor Info: Model `tHsb' substituted by `hsb' on input line 1372.
Package xcolor Info: Model `HSB' substituted by `hsb' on input line 1373.
Package xcolor Info: Model `Gray' substituted by `gray' on input line 1374.
Package xcolor Info: Model `wave' substituted by `hsb' on input line 1375.
)
(d:/texlive/2022/texmf-dist/tex/generic/pgf/basiclayer/pgfcore.code.tex
Package: pgfcore 2021/05/15 v3.1.9a (3.1.9a)

(d:/texlive/2022/texmf-dist/tex/generic/pgf/math/pgfmath.code.tex
(d:/texlive/2022/texmf-dist/tex/generic/pgf/math/pgfmathcalc.code.tex
(d:/texlive/2022/texmf-dist/tex/generic/pgf/math/pgfmathutil.code.tex)
(d:/texlive/2022/texmf-dist/tex/generic/pgf/math/pgfmathparser.code.tex
\pgfmath@dimen=\dimen185
\pgfmath@count=\count295
\pgfmath@box=\box57
\pgfmath@toks=\toks37
\pgfmath@stack@operand=\toks38
\pgfmath@stack@operation=\toks39
)
(d:/texlive/2022/texmf-dist/tex/generic/pgf/math/pgfmathfunctions.code.tex
(d:/texlive/2022/texmf-dist/tex/generic/pgf/math/pgfmathfunctions.basic.code.te
x)
(d:/texlive/2022/texmf-dist/tex/generic/pgf/math/pgfmathfunctions.trigonometric
.code.tex)
(d:/texlive/2022/texmf-dist/tex/generic/pgf/math/pgfmathfunctions.random.code.t
ex)
(d:/texlive/2022/texmf-dist/tex/generic/pgf/math/pgfmathfunctions.comparison.co
de.tex)
(d:/texlive/2022/texmf-dist/tex/generic/pgf/math/pgfmathfunctions.base.code.tex
)
(d:/texlive/2022/texmf-dist/tex/generic/pgf/math/pgfmathfunctions.round.code.te
x)
(d:/texlive/2022/texmf-dist/tex/generic/pgf/math/pgfmathfunctions.misc.code.tex
)
(d:/texlive/2022/texmf-dist/tex/generic/pgf/math/pgfmathfunctions.integerarithm
etics.code.tex)))
(d:/texlive/2022/texmf-dist/tex/generic/pgf/math/pgfmathfloat.code.tex
\c@pgfmathroundto@lastzeros=\count296
))
(d:/texlive/2022/texmf-dist/tex/generic/pgf/math/pgfint.code.tex)
(d:/texlive/2022/texmf-dist/tex/generic/pgf/basiclayer/pgfcorepoints.code.tex
File: pgfcorepoints.code.tex 2021/05/15 v3.1.9a (3.1.9a)
\pgf@picminx=\dimen186
\pgf@picmaxx=\dimen187
\pgf@picminy=\dimen188
\pgf@picmaxy=\dimen189
\pgf@pathminx=\dimen190
\pgf@pathmaxx=\dimen191
\pgf@pathminy=\dimen192
\pgf@pathmaxy=\dimen193
\pgf@xx=\dimen194
\pgf@xy=\dimen195
\pgf@yx=\dimen196
\pgf@yy=\dimen197
\pgf@zx=\dimen198
\pgf@zy=\dimen199
)
(d:/texlive/2022/texmf-dist/tex/generic/pgf/basiclayer/pgfcorepathconstruct.cod
e.tex
File: pgfcorepathconstruct.code.tex 2021/05/15 v3.1.9a (3.1.9a)
\pgf@path@lastx=\dimen256
\pgf@path@lasty=\dimen257
)
(d:/texlive/2022/texmf-dist/tex/generic/pgf/basiclayer/pgfcorepathusage.code.te
x
File: pgfcorepathusage.code.tex 2021/05/15 v3.1.9a (3.1.9a)
\pgf@shorten@end@additional=\dimen258
\pgf@shorten@start@additional=\dimen259
)
(d:/texlive/2022/texmf-dist/tex/generic/pgf/basiclayer/pgfcorescopes.code.tex
File: pgfcorescopes.code.tex 2021/05/15 v3.1.9a (3.1.9a)
\pgfpic=\box58
\pgf@hbox=\box59
\pgf@layerbox@main=\box60
\pgf@picture@serial@count=\count297
)
(d:/texlive/2022/texmf-dist/tex/generic/pgf/basiclayer/pgfcoregraphicstate.code
.tex
File: pgfcoregraphicstate.code.tex 2021/05/15 v3.1.9a (3.1.9a)
\pgflinewidth=\dimen260
)
(d:/texlive/2022/texmf-dist/tex/generic/pgf/basiclayer/pgfcoretransformations.c
ode.tex
File: pgfcoretransformations.code.tex 2021/05/15 v3.1.9a (3.1.9a)
\pgf@pt@x=\dimen261
\pgf@pt@y=\dimen262
\pgf@pt@temp=\dimen263
)
(d:/texlive/2022/texmf-dist/tex/generic/pgf/basiclayer/pgfcorequick.code.tex
File: pgfcorequick.code.tex 2021/05/15 v3.1.9a (3.1.9a)
)
(d:/texlive/2022/texmf-dist/tex/generic/pgf/basiclayer/pgfcoreobjects.code.tex
File: pgfcoreobjects.code.tex 2021/05/15 v3.1.9a (3.1.9a)
)
(d:/texlive/2022/texmf-dist/tex/generic/pgf/basiclayer/pgfcorepathprocessing.co
de.tex
File: pgfcorepathprocessing.code.tex 2021/05/15 v3.1.9a (3.1.9a)
)
(d:/texlive/2022/texmf-dist/tex/generic/pgf/basiclayer/pgfcorearrows.code.tex
File: pgfcorearrows.code.tex 2021/05/15 v3.1.9a (3.1.9a)
\pgfarrowsep=\dimen264
)
(d:/texlive/2022/texmf-dist/tex/generic/pgf/basiclayer/pgfcoreshade.code.tex
File: pgfcoreshade.code.tex 2021/05/15 v3.1.9a (3.1.9a)
\pgf@max=\dimen265
\pgf@sys@shading@range@num=\count298
\pgf@shadingcount=\count299
)
(d:/texlive/2022/texmf-dist/tex/generic/pgf/basiclayer/pgfcoreimage.code.tex
File: pgfcoreimage.code.tex 2021/05/15 v3.1.9a (3.1.9a)

(d:/texlive/2022/texmf-dist/tex/generic/pgf/basiclayer/pgfcoreexternal.code.tex
File: pgfcoreexternal.code.tex 2021/05/15 v3.1.9a (3.1.9a)
\pgfexternal@startupbox=\box61
))
(d:/texlive/2022/texmf-dist/tex/generic/pgf/basiclayer/pgfcorelayers.code.tex
File: pgfcorelayers.code.tex 2021/05/15 v3.1.9a (3.1.9a)
)
(d:/texlive/2022/texmf-dist/tex/generic/pgf/basiclayer/pgfcoretransparency.code
.tex
File: pgfcoretransparency.code.tex 2021/05/15 v3.1.9a (3.1.9a)
)
(d:/texlive/2022/texmf-dist/tex/generic/pgf/basiclayer/pgfcorepatterns.code.tex
File: pgfcorepatterns.code.tex 2021/05/15 v3.1.9a (3.1.9a)
) (d:/texlive/2022/texmf-dist/tex/generic/pgf/basiclayer/pgfcorerdf.code.tex
File: pgfcorerdf.code.tex 2021/05/15 v3.1.9a (3.1.9a)
))) (d:/texlive/2022/texmf-dist/tex/generic/pgf/modules/pgfmoduleshapes.code.te
x
File: pgfmoduleshapes.code.tex 2021/05/15 v3.1.9a (3.1.9a)
\pgfnodeparttextbox=\box62
)
(d:/texlive/2022/texmf-dist/tex/generic/pgf/modules/pgfmoduleplot.code.tex
File: pgfmoduleplot.code.tex 2021/05/15 v3.1.9a (3.1.9a)
)
(d:/texlive/2022/texmf-dist/tex/latex/pgf/compatibility/pgfcomp-version-0-65.st
y
Package: pgfcomp-version-0-65 2021/05/15 v3.1.9a (3.1.9a)
\pgf@nodesepstart=\dimen266
\pgf@nodesepend=\dimen267
)
(d:/texlive/2022/texmf-dist/tex/latex/pgf/compatibility/pgfcomp-version-1-18.st
y
Package: pgfcomp-version-1-18 2021/05/15 v3.1.9a (3.1.9a)
)) (d:/texlive/2022/texmf-dist/tex/latex/pgf/utilities/pgffor.sty
(d:/texlive/2022/texmf-dist/tex/latex/pgf/utilities/pgfkeys.sty
(d:/texlive/2022/texmf-dist/tex/generic/pgf/utilities/pgfkeys.code.tex))
(d:/texlive/2022/texmf-dist/tex/latex/pgf/math/pgfmath.sty
(d:/texlive/2022/texmf-dist/tex/generic/pgf/math/pgfmath.code.tex))
(d:/texlive/2022/texmf-dist/tex/generic/pgf/utilities/pgffor.code.tex
Package: pgffor 2021/05/15 v3.1.9a (3.1.9a)

(d:/texlive/2022/texmf-dist/tex/generic/pgf/math/pgfmath.code.tex)
\pgffor@iter=\dimen268
\pgffor@skip=\dimen269
\pgffor@stack=\toks40
\pgffor@toks=\toks41
))
(d:/texlive/2022/texmf-dist/tex/generic/pgf/frontendlayer/tikz/tikz.code.tex
Package: tikz 2021/05/15 v3.1.9a (3.1.9a)

(d:/texlive/2022/texmf-dist/tex/generic/pgf/libraries/pgflibraryplothandlers.co
de.tex
File: pgflibraryplothandlers.code.tex 2021/05/15 v3.1.9a (3.1.9a)
\pgf@plot@mark@count=\count300
\pgfplotmarksize=\dimen270
)
\tikz@lastx=\dimen271
\tikz@lasty=\dimen272
\tikz@lastxsaved=\dimen273
\tikz@lastysaved=\dimen274
\tikz@lastmovetox=\dimen275
\tikz@lastmovetoy=\dimen276
\tikzleveldistance=\dimen277
\tikzsiblingdistance=\dimen278
\tikz@figbox=\box63
\tikz@figbox@bg=\box64
\tikz@tempbox=\box65
\tikz@tempbox@bg=\box66
\tikztreelevel=\count301
\tikznumberofchildren=\count302
\tikznumberofcurrentchild=\count303
\tikz@fig@count=\count304

(d:/texlive/2022/texmf-dist/tex/generic/pgf/modules/pgfmodulematrix.code.tex
File: pgfmodulematrix.code.tex 2021/05/15 v3.1.9a (3.1.9a)
\pgfmatrixcurrentrow=\count305
\pgfmatrixcurrentcolumn=\count306
\pgf@matrix@numberofcolumns=\count307
)
\tikz@expandcount=\count308

(d:/texlive/2022/texmf-dist/tex/generic/pgf/frontendlayer/tikz/libraries/tikzli
brarytopaths.code.tex
File: tikzlibrarytopaths.code.tex 2021/05/15 v3.1.9a (3.1.9a)
))) (d:/texlive/2022/texmf-dist/tex/latex/float/float.sty
Package: float 2001/11/08 v1.3d Float enhancements (AL)
\c@float@type=\count309
\float@exts=\toks42
\float@box=\box67
\@float@everytoks=\toks43
\@floatcapt=\box68
) (d:/texlive/2022/texmf-dist/tex/latex/booktabs/booktabs.sty
Package: booktabs 2020/01/12 v1.61803398 Publication quality tables
\heavyrulewidth=\dimen279
\lightrulewidth=\dimen280
\cmidrulewidth=\dimen281
\belowrulesep=\dimen282
\belowbottomsep=\dimen283
\aboverulesep=\dimen284
\abovetopsep=\dimen285
\cmidrulesep=\dimen286
\cmidrulekern=\dimen287
\defaultaddspace=\dimen288
\@cmidla=\count310
\@cmidlb=\count311
\@aboverulesep=\dimen289
\@belowrulesep=\dimen290
\@thisruleclass=\count312
\@lastruleclass=\count313
\@thisrulewidth=\dimen291
)
(d:/texlive/2022/texmf-dist/tex/latex/annotate-equations-0.2.2/annotate-equatio
ns.sty
Package: annotate-equations 2023/05/06 v0.2.2 easily annotate equations using T
ikZ
 (d:/texlive/2022/texmf-dist/tex/generic/iftex/ifluatex.sty
Package: ifluatex 2019/10/25 v1.5 ifluatex legacy package. Use iftex instead.
)
(d:/texlive/2022/texmf-dist/tex/generic/pgf/frontendlayer/tikz/libraries/tikzli
brarybackgrounds.code.tex
File: tikzlibrarybackgrounds.code.tex 2021/05/15 v3.1.9a (3.1.9a)
\pgf@layerbox@background=\box69
\pgf@layerboxsaved@background=\box70
)
(d:/texlive/2022/texmf-dist/tex/generic/pgf/frontendlayer/tikz/libraries/tikzli
braryarrows.code.tex
File: tikzlibraryarrows.code.tex 2021/05/15 v3.1.9a (3.1.9a)

(d:/texlive/2022/texmf-dist/tex/generic/pgf/libraries/pgflibraryarrows.code.tex
File: pgflibraryarrows.code.tex 2021/05/15 v3.1.9a (3.1.9a)
\arrowsize=\dimen292
))
(d:/texlive/2022/texmf-dist/tex/generic/pgf/frontendlayer/tikz/libraries/tikzli
braryshapes.code.tex
File: tikzlibraryshapes.code.tex 2021/05/15 v3.1.9a (3.1.9a)

(d:/texlive/2022/texmf-dist/tex/generic/pgf/frontendlayer/tikz/libraries/tikzli
braryshapes.geometric.code.tex
File: tikzlibraryshapes.geometric.code.tex 2021/05/15 v3.1.9a (3.1.9a)

(d:/texlive/2022/texmf-dist/tex/generic/pgf/libraries/shapes/pgflibraryshapes.g
eometric.code.tex
File: pgflibraryshapes.geometric.code.tex 2021/05/15 v3.1.9a (3.1.9a)
))
(d:/texlive/2022/texmf-dist/tex/generic/pgf/frontendlayer/tikz/libraries/tikzli
braryshapes.misc.code.tex
File: tikzlibraryshapes.misc.code.tex 2021/05/15 v3.1.9a (3.1.9a)

(d:/texlive/2022/texmf-dist/tex/generic/pgf/libraries/shapes/pgflibraryshapes.m
isc.code.tex
File: pgflibraryshapes.misc.code.tex 2021/05/15 v3.1.9a (3.1.9a)
))
(d:/texlive/2022/texmf-dist/tex/generic/pgf/frontendlayer/tikz/libraries/tikzli
braryshapes.symbols.code.tex
File: tikzlibraryshapes.symbols.code.tex 2021/05/15 v3.1.9a (3.1.9a)

(d:/texlive/2022/texmf-dist/tex/generic/pgf/libraries/shapes/pgflibraryshapes.s
ymbols.code.tex
File: pgflibraryshapes.symbols.code.tex 2021/05/15 v3.1.9a (3.1.9a)
))
(d:/texlive/2022/texmf-dist/tex/generic/pgf/frontendlayer/tikz/libraries/tikzli
braryshapes.arrows.code.tex
File: tikzlibraryshapes.arrows.code.tex 2021/05/15 v3.1.9a (3.1.9a)

(d:/texlive/2022/texmf-dist/tex/generic/pgf/libraries/shapes/pgflibraryshapes.a
rrows.code.tex
File: pgflibraryshapes.arrows.code.tex 2021/05/15 v3.1.9a (3.1.9a)
))
(d:/texlive/2022/texmf-dist/tex/generic/pgf/frontendlayer/tikz/libraries/tikzli
braryshapes.callouts.code.tex
(d:/texlive/2022/texmf-dist/tex/generic/pgf/libraries/shapes/pgflibraryshapes.c
allouts.code.tex))
(d:/texlive/2022/texmf-dist/tex/generic/pgf/frontendlayer/tikz/libraries/tikzli
braryshapes.multipart.code.tex
File: tikzlibraryshapes.multipart.code.tex 2021/05/15 v3.1.9a (3.1.9a)

(d:/texlive/2022/texmf-dist/tex/generic/pgf/libraries/shapes/pgflibraryshapes.m
ultipart.code.tex
File: pgflibraryshapes.multipart.code.tex 2021/05/15 v3.1.9a (3.1.9a)
\pgfnodepartlowerbox=\box71
\pgfnodeparttwobox=\box72
\pgfnodepartthreebox=\box73
\pgfnodepartfourbox=\box74
\pgfnodeparttwentybox=\box75
\pgfnodepartnineteenbox=\box76
\pgfnodeparteighteenbox=\box77
\pgfnodepartseventeenbox=\box78
\pgfnodepartsixteenbox=\box79
\pgfnodepartfifteenbox=\box80
\pgfnodepartfourteenbox=\box81
\pgfnodepartthirteenbox=\box82
\pgfnodeparttwelvebox=\box83
\pgfnodepartelevenbox=\box84
\pgfnodeparttenbox=\box85
\pgfnodepartninebox=\box86
\pgfnodeparteightbox=\box87
\pgfnodepartsevenbox=\box88
\pgfnodepartsixbox=\box89
\pgfnodepartfivebox=\box90
)))
(d:/texlive/2022/texmf-dist/tex/latex/tikzmark/tikzlibrarytikzmark.code.tex
File: tikzlibrarytikzmark.code.tex 2021/02/16 v1.10 TikZ library for marking po
sitions in a document

(d:/texlive/2022/texmf-dist/tex/latex/l3kernel/expl3.sty
Package: expl3 2022-02-24 L3 programming layer (loader) 

(d:/texlive/2022/texmf-dist/tex/latex/l3backend/l3backend-xetex.def
File: l3backend-xetex.def 2022-02-07 L3 backend support: XeTeX

(|extractbb --version)
\c__kernel_sys_dvipdfmx_version_int=\count314
\l__color_backend_stack_int=\count315
\g__color_backend_stack_int=\count316
\g__graphics_track_int=\count317
\l__pdf_internal_box=\box91
\g__pdf_backend_object_int=\count318
\g__pdf_backend_annotation_int=\count319
\g__pdf_backend_link_int=\count320
))
(d:/texlive/2022/texmf-dist/tex/latex/l3packages/l3keys2e/l3keys2e.sty
Package: l3keys2e 2022-01-12 LaTeX2e option processing using LaTeX3 keys
)
(d:/texlive/2022/texmf-dist/tex/latex/l3packages/xparse/xparse.sty
Package: xparse 2022-01-12 L3 Experimental document command parser
)
\l__sn_x_dim=\dimen293
\l__sn_y_dim=\dimen294
\l__sn_xa_dim=\dimen295
\l__sn_ya_dim=\dimen296
)
(d:/texlive/2022/texmf-dist/tex/generic/pgf/frontendlayer/tikz/libraries/tikzli
brarycalc.code.tex
File: tikzlibrarycalc.code.tex 2021/05/15 v3.1.9a (3.1.9a)
)
\c@eqnannotatenode=\count321
)
(d:/texlive/2022/texmf-dist/tex/latex/multirow/multirow.sty
Package: multirow 2021/03/15 v2.8 Span multiple rows of a table
\multirow@colwidth=\skip57
\multirow@cntb=\count322
\multirow@dima=\skip58
\bigstrutjot=\dimen297
)
(d:/texlive/2022/texmf-dist/tex/latex/listings/listings.sty
\lst@mode=\count323
\lst@gtempboxa=\box92
\lst@token=\toks44
\lst@length=\count324
\lst@currlwidth=\dimen298
\lst@column=\count325
\lst@pos=\count326
\lst@lostspace=\dimen299
\lst@width=\dimen300
\lst@newlines=\count327
\lst@lineno=\count328
\lst@maxwidth=\dimen301

(d:/texlive/2022/texmf-dist/tex/latex/listings/lstmisc.sty
File: lstmisc.sty 2020/03/24 1.8d (Carsten Heinz)
\c@lstnumber=\count329
\lst@skipnumbers=\count330
\lst@framebox=\box93
)
(d:/texlive/2022/texmf-dist/tex/latex/listings/listings.cfg
File: listings.cfg 2020/03/24 1.8d listings configuration
))
Package: listings 2020/03/24 1.8d (Carsten Heinz)

(d:/texlive/2022/texmf-dist/tex/latex/adjustbox/adjustbox.sty
Package: adjustbox 2020/08/19 v1.3 Adjusting TeX boxes (trim, clip, ...)

(d:/texlive/2022/texmf-dist/tex/latex/xkeyval/xkeyval.sty
Package: xkeyval 2020/11/20 v2.8 package option processing (HA)

(d:/texlive/2022/texmf-dist/tex/generic/xkeyval/xkeyval.tex
(d:/texlive/2022/texmf-dist/tex/generic/xkeyval/xkvutils.tex
\XKV@toks=\toks45
\XKV@tempa@toks=\toks46
)
\XKV@depth=\count331
File: xkeyval.tex 2014/12/03 v2.7a key=value parser (HA)
))
(d:/texlive/2022/texmf-dist/tex/latex/adjustbox/adjcalc.sty
Package: adjcalc 2012/05/16 v1.1 Provides advanced setlength with multiple back
-ends (calc, etex, pgfmath)
)
(d:/texlive/2022/texmf-dist/tex/latex/adjustbox/trimclip.sty
Package: trimclip 2020/08/19 v1.2 Trim and clip general TeX material

(d:/texlive/2022/texmf-dist/tex/latex/collectbox/collectbox.sty
Package: collectbox 2012/05/17 v0.4b Collect macro arguments as boxes
\collectedbox=\box94
)
\tc@llx=\dimen302
\tc@lly=\dimen303
\tc@urx=\dimen304
\tc@ury=\dimen305
Package trimclip Info: Using driver 'tc-xetex.def'.

(d:/texlive/2022/texmf-dist/tex/latex/adjustbox/tc-xetex.def
File: tc-xetex.def 2019/01/04 v2.2 Clipping driver for xetex
))
\adjbox@Width=\dimen306
\adjbox@Height=\dimen307
\adjbox@Depth=\dimen308
\adjbox@Totalheight=\dimen309
\adjbox@pwidth=\dimen310
\adjbox@pheight=\dimen311
\adjbox@pdepth=\dimen312
\adjbox@ptotalheight=\dimen313

(d:/texlive/2022/texmf-dist/tex/latex/ifoddpage/ifoddpage.sty
Package: ifoddpage 2016/04/23 v1.1 Conditionals for odd/even page detection
\c@checkoddpage=\count332
)
(d:/texlive/2022/texmf-dist/tex/latex/varwidth/varwidth.sty
Package: varwidth 2009/03/30 ver 0.92;  Variable-width minipages
\@vwid@box=\box95
\sift@deathcycles=\count333
\@vwid@loff=\dimen314
\@vwid@roff=\dimen315
))
(d:/texlive/2022/texmf-dist/tex/latex/mdframed/mdframed.sty
Package: mdframed 2013/07/01 1.9b: mdframed

(d:/texlive/2022/texmf-dist/tex/latex/etoolbox/etoolbox.sty
Package: etoolbox 2020/10/05 v2.5k e-TeX tools for LaTeX (JAW)
\etb@tempcnta=\count334
)
(d:/texlive/2022/texmf-dist/tex/latex/zref/zref-abspage.sty
Package: zref-abspage 2020-07-03 v2.32 Module abspage for zref (HO)

(d:/texlive/2022/texmf-dist/tex/latex/zref/zref-base.sty
Package: zref-base 2020-07-03 v2.32 Module base for zref (HO)
Package zref Info: New property list: main on input line 764.
Package zref Info: New property: default on input line 765.
Package zref Info: New property: page on input line 766.
)
\c@abspage=\count335
Package zref Info: New property: abspage on input line 66.
)
(d:/texlive/2022/texmf-dist/tex/latex/needspace/needspace.sty
Package: needspace 2010/09/12 v1.3d reserve vertical space
)
\mdf@templength=\skip59
\c@mdf@globalstyle@cnt=\count336
\mdf@skipabove@length=\skip60
\mdf@skipbelow@length=\skip61
\mdf@leftmargin@length=\skip62
\mdf@rightmargin@length=\skip63
\mdf@innerleftmargin@length=\skip64
\mdf@innerrightmargin@length=\skip65
\mdf@innertopmargin@length=\skip66
\mdf@innerbottommargin@length=\skip67
\mdf@splittopskip@length=\skip68
\mdf@splitbottomskip@length=\skip69
\mdf@outermargin@length=\skip70
\mdf@innermargin@length=\skip71
\mdf@linewidth@length=\skip72
\mdf@innerlinewidth@length=\skip73
\mdf@middlelinewidth@length=\skip74
\mdf@outerlinewidth@length=\skip75
\mdf@roundcorner@length=\skip76
\mdf@footenotedistance@length=\skip77
\mdf@userdefinedwidth@length=\skip78
\mdf@needspace@length=\skip79
\mdf@frametitleaboveskip@length=\skip80
\mdf@frametitlebelowskip@length=\skip81
\mdf@frametitlerulewidth@length=\skip82
\mdf@frametitleleftmargin@length=\skip83
\mdf@frametitlerightmargin@length=\skip84
\mdf@shadowsize@length=\skip85
\mdf@extratopheight@length=\skip86
\mdf@subtitleabovelinewidth@length=\skip87
\mdf@subtitlebelowlinewidth@length=\skip88
\mdf@subtitleaboveskip@length=\skip89
\mdf@subtitlebelowskip@length=\skip90
\mdf@subtitleinneraboveskip@length=\skip91
\mdf@subtitleinnerbelowskip@length=\skip92
\mdf@subsubtitleabovelinewidth@length=\skip93
\mdf@subsubtitlebelowlinewidth@length=\skip94
\mdf@subsubtitleaboveskip@length=\skip95
\mdf@subsubtitlebelowskip@length=\skip96
\mdf@subsubtitleinneraboveskip@length=\skip97
\mdf@subsubtitleinnerbelowskip@length=\skip98

(d:/texlive/2022/texmf-dist/tex/latex/mdframed/md-frame-0.mdf
File: md-frame-0.mdf 2013/07/01\ 1.9b: md-frame-0
)
\mdf@frametitlebox=\box96
\mdf@footnotebox=\box97
\mdf@splitbox@one=\box98
\mdf@splitbox@two=\box99
\mdf@splitbox@save=\box100
\mdfsplitboxwidth=\skip99
\mdfsplitboxtotalwidth=\skip100
\mdfsplitboxheight=\skip101
\mdfsplitboxdepth=\skip102
\mdfsplitboxtotalheight=\skip103
\mdfframetitleboxwidth=\skip104
\mdfframetitleboxtotalwidth=\skip105
\mdfframetitleboxheight=\skip106
\mdfframetitleboxdepth=\skip107
\mdfframetitleboxtotalheight=\skip108
\mdffootnoteboxwidth=\skip109
\mdffootnoteboxtotalwidth=\skip110
\mdffootnoteboxheight=\skip111
\mdffootnoteboxdepth=\skip112
\mdffootnoteboxtotalheight=\skip113
\mdftotallinewidth=\skip114
\mdfboundingboxwidth=\skip115
\mdfboundingboxtotalwidth=\skip116
\mdfboundingboxheight=\skip117
\mdfboundingboxdepth=\skip118
\mdfboundingboxtotalheight=\skip119
\mdf@freevspace@length=\skip120
\mdf@horizontalwidthofbox@length=\skip121
\mdf@verticalmarginwhole@length=\skip122
\mdf@horizontalspaceofbox=\skip123
\mdfsubtitleheight=\skip124
\mdfsubsubtitleheight=\skip125
\c@mdfcountframes=\count337

****** mdframed patching \endmdf@trivlist

****** -- success******

\mdf@envdepth=\count338
\c@mdf@env@i=\count339
\c@mdf@env@ii=\count340
\c@mdf@zref@counter=\count341
Package zref Info: New property: mdf@pagevalue on input line 895.
)
(d:/texlive/2022/texmf-dist/tex/latex/enumitem/enumitem.sty
Package: enumitem 2019/06/20 v3.9 Customized lists
\labelindent=\skip126
\enit@outerparindent=\dimen316
\enit@toks=\toks47
\enit@inbox=\box101
\enit@count@id=\count342
\enitdp@description=\count343
)
(d:/texlive/2022/texmf-dist/tex/latex/zhlipsum/zhlipsum.sty
Package: zhlipsum 2020/04/10 v1.2.0 Chinese dummy text
\l__zhlipsum_begin_int=\count344
\l__zhlipsum_end_int=\count345
\l__zhlipsum_max_int=\count346

(d:/texlive/2022/texmf-dist/tex/latex/zhlipsum/zhlipsum-utf8.def
File: zhlipsum-utf8.def 2020/04/10 v1.2.0 Chinese dummy text with UTF-8 encodin
g (for zhlipsum)
\g__zhlipsum_simp_int=\count347

Package zhlipsum Info: Chinese dummy text "simp" is created. It has 50
(zhlipsum)             paragraphs.

\g__zhlipsum_trad_int=\count348

Package zhlipsum Info: Chinese dummy text "trad" is created. It has 50
(zhlipsum)             paragraphs.

\g__zhlipsum_nanshanjing_int=\count349

Package zhlipsum Info: Chinese dummy text "nanshanjing" is created. It has 43
(zhlipsum)             paragraphs.

\g__zhlipsum_xiangyu_int=\count350

Package zhlipsum Info: Chinese dummy text "xiangyu" is created. It has 45
(zhlipsum)             paragraphs.

\g__zhlipsum_zhufu_int=\count351

Package zhlipsum Info: Chinese dummy text "zhufu" is created. It has 110
(zhlipsum)             paragraphs.

\g__zhlipsum_aspirin_int=\count352

Package zhlipsum Info: Chinese dummy text "aspirin" is created. It has 66
(zhlipsum)             paragraphs.

))
Package hyperref Info: Option `colorlinks' set `true' on input line 49.
Package hyperref Info: Option `breaklinks' set `true' on input line 49.
\c@define=\count353
\c@theorem=\count354
\c@lemma=\count355
\c@prop=\count356
\c@cor=\count357
\c@example=\count358
\c@remark=\count359
\c@assume=\count360
*geometry* verbose mode - [ newgeometry ] result:
* driver: 
* paper: <default>
* layout: <same size as paper>
* layoutoffset:(h,v)=(0.0pt,0.0pt)
* modes: 
* h-part:(L,W,R)=(56.9055pt, 500.484pt, 56.9055pt)
* v-part:(T,H,B)=(95.39737pt, 556.47656pt, 143.09605pt)
* \paperwidth=614.295pt
* \paperheight=794.96999pt
* \textwidth=500.484pt
* \textheight=556.47656pt
* \oddsidemargin=-15.36449pt
* \evensidemargin=-15.36449pt
* \topmargin=-13.87262pt
* \headheight=12.0pt
* \headsep=25.0pt
* \topskip=11.0pt
* \footskip=30.0pt
* \marginparwidth=59.0pt
* \marginparsep=10.0pt
* \columnsep=10.0pt
* \skip\footins=10.0pt plus 4.0pt minus 2.0pt
* \hoffset=0.0pt
* \voffset=0.0pt
* \mag=1000
* \@twocolumnfalse
* \@twosidefalse
* \@mparswitchfalse
* \@reversemarginfalse
* (1in=72.27pt=25.4mm, 1cm=28.453pt)


(./main_progress.aux)
\openout1 = `main_progress.aux'.

LaTeX Font Info:    Checking defaults for OML/cmm/m/it on input line 70.
LaTeX Font Info:    ... okay on input line 70.
LaTeX Font Info:    Checking defaults for OMS/cmsy/m/n on input line 70.
LaTeX Font Info:    ... okay on input line 70.
LaTeX Font Info:    Checking defaults for OT1/cmr/m/n on input line 70.
LaTeX Font Info:    ... okay on input line 70.
LaTeX Font Info:    Checking defaults for T1/cmr/m/n on input line 70.
LaTeX Font Info:    ... okay on input line 70.
LaTeX Font Info:    Checking defaults for TS1/cmr/m/n on input line 70.
LaTeX Font Info:    Trying to load font information for TS1+cmr on input line 7
0.
 (d:/texlive/2022/texmf-dist/tex/latex/base/ts1cmr.fd
File: ts1cmr.fd 2019/12/16 v2.5j Standard LaTeX font definitions
)
LaTeX Font Info:    ... okay on input line 70.
LaTeX Font Info:    Checking defaults for TU/lmr/m/n on input line 70.
LaTeX Font Info:    ... okay on input line 70.
LaTeX Font Info:    Checking defaults for OMX/cmex/m/n on input line 70.
LaTeX Font Info:    ... okay on input line 70.
LaTeX Font Info:    Checking defaults for U/cmr/m/n on input line 70.
LaTeX Font Info:    ... okay on input line 70.
LaTeX Font Info:    Checking defaults for PD1/pdf/m/n on input line 70.
LaTeX Font Info:    ... okay on input line 70.
LaTeX Font Info:    Checking defaults for PU/pdf/m/n on input line 70.
LaTeX Font Info:    ... okay on input line 70.
Package hyperref Info: Link coloring ON on input line 70.

(d:/texlive/2022/texmf-dist/tex/latex/hyperref/nameref.sty
Package: nameref 2021-04-02 v2.47 Cross-referencing by name of section

(d:/texlive/2022/texmf-dist/tex/latex/refcount/refcount.sty
Package: refcount 2019/12/15 v3.6 Data extraction from label references (HO)
)
(d:/texlive/2022/texmf-dist/tex/generic/gettitlestring/gettitlestring.sty
Package: gettitlestring 2019/12/15 v1.6 Cleanup title references (HO)
)
\c@section@level=\count361
)
LaTeX Info: Redefining \ref on input line 70.
LaTeX Info: Redefining \pageref on input line 70.
LaTeX Info: Redefining \nameref on input line 70.

(./main_progress.out) (./main_progress.out)
\@outlinefile=\write4
\openout4 = `main_progress.out'.


*geometry* driver: auto-detecting
*geometry* detected driver: xetex
*geometry* verbose mode - [ preamble ] result:
* driver: xetex
* paper: <default>
* layout: <same size as paper>
* layoutoffset:(h,v)=(0.0pt,0.0pt)
* modes: 
* h-part:(L,W,R)=(56.9055pt, 500.484pt, 56.9055pt)
* v-part:(T,H,B)=(95.39737pt, 556.47656pt, 143.09605pt)
* \paperwidth=614.295pt
* \paperheight=794.96999pt
* \textwidth=500.484pt
* \textheight=556.47656pt
* \oddsidemargin=-15.36449pt
* \evensidemargin=-15.36449pt
* \topmargin=-13.87262pt
* \headheight=12.0pt
* \headsep=25.0pt
* \topskip=11.0pt
* \footskip=30.0pt
* \marginparwidth=59.0pt
* \marginparsep=10.0pt
* \columnsep=10.0pt
* \skip\footins=10.0pt plus 4.0pt minus 2.0pt
* \hoffset=0.0pt
* \voffset=0.0pt
* \mag=1000
* \@twocolumnfalse
* \@twosidefalse
* \@mparswitchfalse
* \@reversemarginfalse
* (1in=72.27pt=25.4mm, 1cm=28.453pt)

Package caption Info: Begin \AtBeginDocument code.
Package caption Info: float package is loaded.
Package caption Info: listings package is loaded.
Package caption Info: End \AtBeginDocument code.
\c@lstlisting=\count362
LaTeX Font Info:    Trying to load font information for U+msa on input line 72.

(d:/texlive/2022/texmf-dist/tex/latex/amsfonts/umsa.fd
File: umsa.fd 2013/01/14 v3.01 AMS symbols A
)
LaTeX Font Info:    Trying to load font information for U+msb on input line 72.


(d:/texlive/2022/texmf-dist/tex/latex/amsfonts/umsb.fd
File: umsb.fd 2013/01/14 v3.01 AMS symbols B
)
LaTeX Font Info:    Trying to load font information for U+rsfs on input line 72
.

(d:/texlive/2022/texmf-dist/tex/latex/jknapltx/ursfs.fd
File: ursfs.fd 1998/03/24 rsfs font definition file (jk)
) (./main_progress.toc
[1


] [2] [3])
\tf@toc=\write5
\openout5 = `main_progress.toc'.

 [4] [5] [6] [7]
Overfull \hbox (12.77524pt too wide) in paragraph at lines 144--175
 [][] 
 []

[8] [9]

LaTeX Font Warning: Font shape `TU/lmr/bx/sc' undefined
(Font)              using `TU/lmr/bx/n' instead on input line 191.

[10] [11] [12]
Overfull \hbox (39.7244pt too wide) in paragraph at lines 272--273
[][]\TU/lmr/bx/sc/10.95 Definition 1. []\TU/lmr/m/n/10.95 An equilibirum is a c
hoice of technique $\OML/cmm/m/it/10.95 ^^K[] \OT1/cmr/m/n/10.95 = (\OML/cmm/m/
it/10.95 ^^K[]; []  ; ^^K[]\OT1/cmr/m/n/10.95 )$ \TU/lmr/m/n/10.95 and a stocha
stic tuple $\OT1/cmr/m/n/10.95 (\OML/cmm/m/it/10.95 P[]; C[]; L[]; X[]; Q[]\OT1
/cmr/m/n/10.95 )$
 []

[13] [14]
LaTeX Font Info:    Trying to load font information for U+bbm on input line 371
.
 (d:/texlive/2022/texmf-dist/tex/latex/bbm-macros/ubbm.fd
File: ubbm.fd 1999/03/15 V 1.2 Font definition for bbm font - TH
) [15]
[16] [17]
File: F:/12004835/replication_package_final/replication_package_final/output_fi
gures/fig1/1.eps Graphic file (type eps)
<F:/12004835/replication_package_final/replication_package_final/output_figures
/fig1/1.eps>
 [18] [19] [20] [21] [22] [23] [24] [25] [26]
File: F:/12004835/replication_package_final/replication_package_final/output_fi
gures/fig2/1.png Graphic file (type bmp)
<F:/12004835/replication_package_final/replication_package_final/output_figures
/fig2/1.png>
 [27] [28] [29] [30]
[31]
File: F:/12004835/replication_package_final/replication_package_final/output_fi
gures/fig3/E_log_C_mean.eps Graphic file (type eps)
<F:/12004835/replication_package_final/replication_package_final/output_figures
/fig3/E_log_C_mean.eps>
File: F:/12004835/replication_package_final/replication_package_final/output_fi
gures/fig3/V_log_C_mean.eps Graphic file (type eps)
<F:/12004835/replication_package_final/replication_package_final/output_figures
/fig3/V_log_C_mean.eps>
File: F:/12004835/replication_package_final/replication_package_final/output_fi
gures/fig3/welfare_mean.eps Graphic file (type eps)
<F:/12004835/replication_package_final/replication_package_final/output_figures
/fig3/welfare_mean.eps>
File: F:/12004835/replication_package_final/replication_package_final/output_fi
gures/fig3/E_log_C_var.eps Graphic file (type eps)
<F:/12004835/replication_package_final/replication_package_final/output_figures
/fig3/E_log_C_var.eps>
File: F:/12004835/replication_package_final/replication_package_final/output_fi
gures/fig3/V_log_C_var.eps Graphic file (type eps)
<F:/12004835/replication_package_final/replication_package_final/output_figures
/fig3/V_log_C_var.eps>
File: F:/12004835/replication_package_final/replication_package_final/output_fi
gures/fig3/welfare_var.eps Graphic file (type eps)
<F:/12004835/replication_package_final/replication_package_final/output_figures
/fig3/welfare_var.eps>
File: F:/12004835/replication_package_final/replication_package_final/output_fi
gures/fig3/network.png Graphic file (type bmp)
<F:/12004835/replication_package_final/replication_package_final/output_figures
/fig3/network.png>


LaTeX Warning: Float too large for page by 30.96132pt on input line 858.

[32] [33] [34

] [35] [36]
File: F:/12004835/replication_package_final/replication_package_final/output_fi
gures/fig4/EC_full_no_unc.eps Graphic file (type eps)
<F:/12004835/replication_package_final/replication_package_final/output_figures
/fig4/EC_full_no_unc.eps>
File: F:/12004835/replication_package_final/replication_package_final/output_fi
gures/fig4/VC_full_no_unc.eps Graphic file (type eps)
<F:/12004835/replication_package_final/replication_package_final/output_figures
/fig4/VC_full_no_unc.eps>
File: F:/12004835/replication_package_final/replication_package_final/output_fi
gures/fig4/C_full_no_unc.eps Graphic file (type eps)
<F:/12004835/replication_package_final/replication_package_final/output_figures
/fig4/C_full_no_unc.eps>
File: F:/12004835/replication_package_final/replication_package_final/output_fi
gures/fig4/C_full_known_shocks.eps Graphic file (type eps)
<F:/12004835/replication_package_final/replication_package_final/output_figures
/fig4/C_full_known_shocks.eps>
 [37] [38] [39]
Missing character: There is no β (U+03B2) in font [lmroman10-regular]:mapping=t
ex-text;!
[40

]
Missing character: There is no × ("D7) in font cmr10!
[41] [42]
File: F:/12004835/replication_package_final/replication_package_final/output_fi
gures/fig5/domar_weighted_uncertainty_tfp.eps Graphic file (type eps)
<F:/12004835/replication_package_final/replication_package_final/output_figures
/fig5/domar_weighted_uncertainty_tfp.eps>
 [43]
File: F:/12004835/replication_package_final/replication_package_final/output_fi
gures/fig6/domar_weights_data_vs_model_v2.eps Graphic file (type eps)
<F:/12004835/replication_package_final/replication_package_final/output_figures
/fig6/domar_weights_data_vs_model_v2.eps>
 [44]
File: F:/12004835/replication_package_final/replication_package_final/output_fi
gures/fig7/correlation_cs.eps Graphic file (type eps)
<F:/12004835/replication_package_final/replication_package_final/output_figures
/fig7/correlation_cs.eps>
 [45]
File: F:/12004835/replication_package_final/replication_package_final/output_fi
gures/fig8/EC_full_no_unc.eps Graphic file (type eps)
<F:/12004835/replication_package_final/replication_package_final/output_figures
/fig8/EC_full_no_unc.eps>
File: F:/12004835/replication_package_final/replication_package_final/output_fi
gures/fig8/EC_full_known_shocks.eps Graphic file (type eps)
<F:/12004835/replication_package_final/replication_package_final/output_figures
/fig8/EC_full_known_shocks.eps>
File: F:/12004835/replication_package_final/replication_package_final/output_fi
gures/fig8/VC_full_no_unc.eps Graphic file (type eps)
<F:/12004835/replication_package_final/replication_package_final/output_figures
/fig8/VC_full_no_unc.eps>
File: F:/12004835/replication_package_final/replication_package_final/output_fi
gures/fig8/VC_full_known_shocks.eps Graphic file (type eps)
<F:/12004835/replication_package_final/replication_package_final/output_figures
/fig8/VC_full_known_shocks.eps>
File: F:/12004835/replication_package_final/replication_package_final/output_fi
gures/fig8/W_full_no_unc.eps Graphic file (type eps)
<F:/12004835/replication_package_final/replication_package_final/output_figures
/fig8/W_full_no_unc.eps>
File: F:/12004835/replication_package_final/replication_package_final/output_fi
gures/fig8/W_full_known_shocks.eps Graphic file (type eps)
<F:/12004835/replication_package_final/replication_package_final/output_figures
/fig8/W_full_known_shocks.eps>
File: F:/12004835/replication_package_final/replication_package_final/output_fi
gures/fig8/C_full_no_unc.eps Graphic file (type eps)
<F:/12004835/replication_package_final/replication_package_final/output_figures
/fig8/C_full_no_unc.eps>
File: F:/12004835/replication_package_final/replication_package_final/output_fi
gures/fig8/C_full_known_shocks.eps Graphic file (type eps)
<F:/12004835/replication_package_final/replication_package_final/output_figures
/fig8/C_full_known_shocks.eps>
 [46

] [47]
(d:/texlive/2022/texmf-dist/tex/latex/listings/lstlang1.sty
File: lstlang1.sty 2020/03/24 1.8d listings language file
)
(d:/texlive/2022/texmf-dist/tex/latex/listings/lstlang1.sty
File: lstlang1.sty 2020/03/24 1.8d listings language file
)
(d:/texlive/2022/texmf-dist/tex/latex/listings/lstlang2.sty
File: lstlang2.sty 2020/03/24 1.8d listings language file
)
(d:/texlive/2022/texmf-dist/tex/latex/listings/lstlang3.sty
File: lstlang3.sty 2020/03/24 1.8d listings language file
)
(d:/texlive/2022/texmf-dist/tex/latex/listings/lstlang1.sty
File: lstlang1.sty 2020/03/24 1.8d listings language file
)
(d:/texlive/2022/texmf-dist/tex/latex/listings/lstlang2.sty
File: lstlang2.sty 2020/03/24 1.8d listings language file
)
(d:/texlive/2022/texmf-dist/tex/latex/listings/lstlang3.sty
File: lstlang3.sty 2020/03/24 1.8d listings language file
)
(d:/texlive/2022/texmf-dist/tex/latex/listings/lstlang1.sty
File: lstlang1.sty 2020/03/24 1.8d listings language file
)
(d:/texlive/2022/texmf-dist/tex/latex/listings/lstlang2.sty
File: lstlang2.sty 2020/03/24 1.8d listings language file
)
(d:/texlive/2022/texmf-dist/tex/latex/listings/lstlang3.sty
File: lstlang3.sty 2020/03/24 1.8d listings language file
)
(d:/texlive/2022/texmf-dist/tex/latex/listings/lstmisc.sty
File: lstmisc.sty 2020/03/24 1.8d (Carsten Heinz)
)
Package hyperref Info: bookmark level for unknown lstlisting defaults to 0 on i
nput line 1215.

(f:/12004835/replication_package_final/replication_package_final/regressions/do
mar_volatility.do [48

]) [49] [50]
(f:/12004835/replication_package_final/replication_package_final/regressions/da
ta/Factset_Revere/clean_factset_data.do [51] [52] [53]) [54]
(f:/12004835/replication_package_final/replication_package_final/regressions/li
nks_volatility.do [55] [56] [57]) [58] [59]
(f:/12004835/replication_package_final/replication_package_final/simulations/ex
amples/Example_steel/main.m [60] [61] [62]) [63]
(f:/12004835/replication_package_final/replication_package_final/simulations/ex
amples/Example_steel/to_minimize.m) [64]
(f:/12004835/replication_package_final/replication_package_final/simulations/ex
amples/Example_chain_safety/main.m [65] [66]) [67]
(f:/12004835/replication_package_final/replication_package_final/simulations/ex
amples/Example_chain_safety/compute_eq.m [68])
(f:/12004835/replication_package_final/replication_package_final/simulations/ex
amples/Example_chain_safety/solve_firm_problem.m [69]) [70]
(f:/12004835/replication_package_final/replication_package_final/simulations/ex
amples/Example_chain_safety/a_alpha_star.m) [71] [72]
(f:/12004835/replication_package_final/replication_package_final/simulations/ex
amples/Example_non_monotone/main.m [73] [74] [75] [76] [77] [78] [79] [80]
[81]) [82]
(f:/12004835/replication_package_final/replication_package_final/simulations/ex
amples/Example_non_monotone/compute_eq.m [83])
(f:/12004835/replication_package_final/replication_package_final/simulations/ex
amples/Example_non_monotone/solve_firm_problem.m [84]) [85]
(f:/12004835/replication_package_final/replication_package_final/simulations/ex
amples/Example_non_monotone/a_alpha_star.m) [86]
(f:/12004835/replication_package_final/replication_package_final/simulations/ex
amples/Example_non_monotone/compute_moments.m [87])
(f:/12004835/replication_package_final/replication_package_final/data_work/Sect
orAggregateData/Code/Replication.m [88])
(f:/12004835/replication_package_final/replication_package_final/data_work/Sect
orAggregateData/Code/TFP.m [89]) [90]
(f:/12004835/replication_package_final/replication_package_final/data_work/Sect
orAggregateData/Code/Check.m [91] [92] [93] [94] [95] [96] [97] [98] [99]
[100] [101] [102] [103])
(f:/12004835/replication_package_final/replication_package_final/data_work/Sect
orAggregateData/Code/Getdata.m [104] [105] [106] [107]) [108]
(f:/12004835/replication_package_final/replication_package_final/data_work/Sect
orAggregateData/Code/LoadIOMat.m [109] [110] [111] [112] [113] [114] [115]
[116] [117] [118] [119])
(f:/12004835/replication_package_final/replication_package_final/data_work/Sect
orAggregateData/Code/Mergedata.m [120] [121] [122])
(f:/12004835/replication_package_final/replication_package_final/data_work/Sect
orAggregateData/Code/Processdata.m [123] [124] [125] [126] [127] [128] [129]
[130] [131] [132] [133] [134] [135] [136] [137] [138] [139] [140] [141])
[142]
(f:/12004835/replication_package_final/replication_package_final/data_work/Sect
orAggregateData/Code/Storedata.m [143] [144]) [145]
(f:/12004835/replication_package_final/replication_package_final/simulations/ma
in_model/main.m [146] [147] [148] [149]) [150] [151]
(f:/12004835/replication_package_final/replication_package_final/simulations/ma
in_model/analysis_calib.m [152] [153] [154]) [155] [156]
(f:/12004835/replication_package_final/replication_package_final/simulations/ma
in_model/obj_calib_kappa.m) [157]
(f:/12004835/replication_package_final/replication_package_final/simulations/ma
in_model/compute_eq_time_series.m [158]) [159]
(f:/12004835/replication_package_final/replication_package_final/simulations/ma
in_model/bar_func.m [160]) [161]
(f:/12004835/replication_package_final/replication_package_final/simulations/ma
in_model/a_alpha_star.m) [162]
(f:/12004835/replication_package_final/replication_package_final/simulations/ma
in_model/analysis_fixed_rho_calib.m [163] [164] [165] [166]) [167] [168]
(f:/12004835/replication_package_final/replication_package_final/simulations/ma
in_model/compute_eq.m) [169]
(f:/12004835/replication_package_final/replication_package_final/simulations/ma
in_model/compute_eq_firm_iteration.m [170] [171]) [172]
(f:/12004835/replication_package_final/replication_package_final/simulations/ma
in_model/compute_eq_time_series.m [173] [174]) [175]
(f:/12004835/replication_package_final/replication_package_final/simulations/ma
in_model/compute_eq_time_series_alt_eps.m [176]) [177]
(f:/12004835/replication_package_final/replication_package_final/simulations/ma
in_model/estimate_tfp.m [178]) [179]
(f:/12004835/replication_package_final/replication_package_final/simulations/ma
in_model/garch_tfp.m [180])
(f:/12004835/replication_package_final/replication_package_final/simulations/ma
in_model/hessian_func.m [181]) [182]
(f:/12004835/replication_package_final/replication_package_final/simulations/ma
in_model/load_data.m [183])
(f:/12004835/replication_package_final/replication_package_final/simulations/ma
in_model/obj_calib_kappa_est.m [184]) [185]
(f:/12004835/replication_package_final/replication_package_final/simulations/ma
in_model/solve_firm_problem.m) [186] (./main_progress.aux)

LaTeX Font Warning: Some font shapes were not available, defaults substituted.


LaTeX Warning: Label(s) may have changed. Rerun to get cross-references right.

Package rerunfilecheck Info: File `main_progress.out' has not changed.
(rerunfilecheck)             Checksum: 47388E2BB85F0A6CD612A1EE47C7BC9C;12601.
 ) 
Here is how much of TeX's memory you used:
 35451 strings out of 476179
 685443 string characters out of 5813072
 1618192 words of memory out of 5000000
 55453 multiletter control sequences out of 15000+600000
 481541 words of font info for 100 fonts, out of 8000000 for 9000
 1348 hyphenation exceptions out of 8191
 100i,19n,147p,1415b,2903s stack positions out of 10000i,1000n,20000p,200000b,200000s

Output written on main_progress.pdf (186 pages).
