\BOOKMARK [1][-]{section.1}{\376\377\000S\000o\000m\000e\000\040\000N\000o\000t\000e\000s\000\040\000o\000n\000\040\000I\000n\000t\000r\000o\000d\000u\000t\000i\000o\000n\000\040\000P\000a\000r\000t}{}% 1
\BOOKMARK [2][-]{subsection.1.1}{\376\377\000D\000e\000f\000i\000n\000i\000t\000i\000o\000n\000s}{section.1}% 2
\BOOKMARK [2][-]{subsection.1.2}{\376\377\000S\000u\000m\000m\000a\000r\000y\000\040\000f\000o\000r\000\040\000i\000n\000n\000o\000v\000a\000t\000i\000o\000n\000s}{section.1}% 3
\BOOKMARK [1][-]{section.2}{\376\377\000M\000o\000d\000e\000l}{}% 4
\BOOKMARK [2][-]{subsection.2.1}{\376\377\000F\000i\000r\000m\000s\000\040\000a\000n\000d\000\040\000p\000r\000o\000d\000u\000c\000t\000i\000o\000n\000\040\000f\000u\000n\000c\000t\000i\000o\000n\000s}{section.2}% 5
\BOOKMARK [2][-]{subsection.2.2}{\376\377\000H\000o\000u\000s\000e\000h\000o\000l\000d\000\040\000p\000r\000e\000f\000e\000r\000e\000n\000c\000e\000s}{section.2}% 6
\BOOKMARK [2][-]{subsection.2.3}{\376\377\000U\000n\000i\000t\000\040\000c\000o\000s\000t\000\040\000m\000i\000n\000i\000m\000i\000z\000a\000t\000i\000o\000n}{section.2}% 7
\BOOKMARK [2][-]{subsection.2.4}{\376\377\000T\000e\000c\000h\000n\000i\000q\000u\000e\000\040\000c\000h\000o\000i\000c\000e}{section.2}% 8
\BOOKMARK [2][-]{subsection.2.5}{\376\377\000E\000q\000u\000i\000l\000i\000b\000r\000i\000u\000m\000\040\000c\000o\000n\000d\000i\000t\000i\000o\000n\000s}{section.2}% 9
\BOOKMARK [1][-]{section.3}{\376\377\000E\000q\000u\000i\000l\000i\000b\000i\000r\000u\000m\000\040\000p\000r\000i\000c\000e\000s\000\040\000a\000n\000d\000\040\000G\000D\000P\000\040\000i\000n\000\040\000a\000\040\000f\000i\000x\000e\000d\000-\000n\000e\000t\000w\000o\000r\000k\000\040\000e\000c\000o\000n\000o\000m\000y}{}% 10
\BOOKMARK [1][-]{section.4}{\376\377\000F\000i\000r\000m\000\040\000d\000e\000c\000i\000s\000i\000o\000n\000s}{}% 11
\BOOKMARK [1][-]{section.5}{\376\377\000E\000q\000u\000i\000l\000i\000b\000r\000i\000u\000m\000\040\000e\000x\000i\000s\000t\000e\000n\000c\000e\000,\000\040\000u\000n\000i\000q\000u\000e\000n\000e\000s\000s\000\040\000a\000n\000d\000\040\000e\000f\000f\000i\000c\000i\000e\000n\000c\000y}{}% 12
\BOOKMARK [2][-]{subsection.5.1}{\376\377\000T\000h\000e\000\040\000e\000f\000f\000i\000c\000i\000e\000n\000t\000\040\000a\000l\000l\000o\000c\000a\000t\000i\000o\000n}{section.5}% 13
\BOOKMARK [2][-]{subsection.5.2}{\376\377\000F\000u\000n\000d\000a\000m\000e\000n\000t\000a\000l\000\040\000p\000r\000o\000p\000e\000r\000t\000i\000e\000s\000\040\000o\000f\000\040\000t\000h\000e\000\040\000e\000q\000u\000i\000l\000i\000b\000r\000i\000u\000m}{section.5}% 14
\BOOKMARK [1][-]{section.6}{\376\377\000B\000e\000l\000i\000e\000f\000s\000\040\000a\000n\000d\000\040\000t\000h\000e\000\040\000p\000r\000o\000d\000u\000c\000t\000i\000o\000n\000\040\000n\000e\000t\000w\000o\000r\000k}{}% 15
\BOOKMARK [2][-]{subsection.6.1}{\376\377\000D\000o\000m\000a\000r\000\040\000w\000e\000i\000g\000h\000t\000s}{section.6}% 16
\BOOKMARK [2][-]{subsection.6.2}{\376\377\000T\000h\000e\000\040\000p\000r\000o\000d\000u\000c\000t\000i\000o\000n\000\040\000n\000e\000t\000w\000o\000r\000k}{section.6}% 17
\BOOKMARK [1][-]{section.7}{\376\377\000I\000m\000p\000l\000i\000c\000a\000t\000i\000o\000n\000s\000\040\000f\000o\000r\000\040\000G\000D\000P\000\040\000a\000n\000d\000\040\000w\000e\000l\000f\000a\000r\000e}{}% 18
\BOOKMARK [2][-]{subsection.7.1}{\376\377\000B\000e\000l\000i\000e\000f\000s\000\040\000a\000n\000d\000\040\000G\000D\000P}{section.7}% 19
\BOOKMARK [1][-]{section.8}{\376\377\000A\000\040\000b\000a\000s\000i\000c\000\040\000c\000a\000l\000i\000b\000r\000a\000t\000i\000o\000n\000\040\000o\000f\000\040\000t\000h\000e\000\040\000m\000o\000d\000e\000l}{}% 20
\BOOKMARK [2][-]{subsection.8.1}{\376\377\000P\000a\000r\000a\000m\000e\000t\000r\000i\000z\000a\000t\000i\000o\000n}{section.8}% 21
\BOOKMARK [2][-]{subsection.8.2}{\376\377\000T\000h\000e\000\040\000p\000r\000o\000d\000u\000c\000t\000i\000o\000n\000\040\000n\000e\000t\000w\000o\000r\000k\000,\000\040\000w\000e\000l\000f\000a\000r\000e\000\040\000a\000n\000d\000\040\000o\000u\000t\000p\000u\000t}{section.8}% 22
\BOOKMARK [1][-]{section.9}{\376\377\000M\000o\000d\000e\000l\000-\000f\000r\000e\000e\000\040\000e\000v\000i\000d\000e\000n\000c\000e\000\040\000f\000o\000r\000\040\000t\000h\000e\000\040\000m\000e\000c\000h\000a\000n\000i\000s\000m\000s}{}% 23
\BOOKMARK [2][-]{subsection.9.1}{\376\377\000U\000n\000c\000e\000r\000t\000a\000i\000n\000t\000y\000\040\000a\000n\000d\000\040\000D\000o\000m\000a\000r\000\040\000w\000e\000i\000g\000h\000t\000s}{section.9}% 24
\BOOKMARK [2][-]{subsection.9.2}{\376\377\000U\000n\000c\000e\000r\000t\000a\000i\000n\000t\000y\000\040\000a\000n\000d\000\040\000l\000i\000n\000k\000\040\000d\000e\000s\000t\000r\000u\000c\000t\000i\000o\000n}{section.9}% 25
\BOOKMARK [1][-]{section.10}{\376\377\000A\000d\000d\000i\000t\000i\000o\000n\000a\000l\000\040\000r\000e\000s\000u\000l\000t\000s\000\040\000r\000e\000l\000a\000t\000e\000d\000\040\000t\000o\000\040\000t\000h\000e\000\040\000c\000a\000l\000i\000b\000r\000a\000t\000e\000d\000\040\000e\000c\000o\000n\000o\000m\000y}{}% 26
\BOOKMARK [2][-]{subsection.10.1}{\376\377\000D\000a\000t\000a}{section.10}% 27
\BOOKMARK [2][-]{subsection.10.2}{\376\377\000C\000a\000l\000i\000b\000r\000a\000t\000y\000i\000o\000n\000\040\000p\000r\000o\000c\000e\000d\000u\000r\000e}{section.10}% 28
\BOOKMARK [2][-]{subsection.10.3}{\376\377\000T\000h\000e\000\040\000c\000a\000l\000i\000b\000r\000a\000t\000e\000d\000\040\000e\000c\000o\000n\000o\000m\000y}{section.10}% 29
\BOOKMARK [2][-]{subsection.10.4}{\376\377\000C\000o\000u\000n\000t\000e\000r\000f\000a\000c\000t\000u\000a\000l\000\040\000e\000x\000e\000r\000c\000i\000s\000e\000s}{section.10}% 30
\BOOKMARK [1][-]{section.11}{\376\377\000C\000o\000d\000e}{}% 31
\BOOKMARK [2][-]{subsection.11.1}{\376\377\000T\000a\000b\000l\000e\000\040\0001}{section.11}% 32
\BOOKMARK [3][-]{subsubsection.11.1.1}{\376\377\000d\000o\000m\000a\000r\000\137\000v\000o\000l\000a\000t\000i\000l\000i\000t\000y\000.\000d\000o}{subsection.11.1}% 33
\BOOKMARK [2][-]{subsection.11.2}{\376\377\000T\000a\000b\000l\000e\000\040\0002}{section.11}% 34
\BOOKMARK [3][-]{subsubsection.11.2.1}{\376\377\000c\000l\000e\000a\000n\000\137\000f\000a\000c\000t\000s\000e\000t\000\137\000d\000a\000t\000a\000.\000d\000o}{subsection.11.2}% 35
\BOOKMARK [3][-]{subsubsection.11.2.2}{\376\377\000l\000i\000n\000k\000s\000\137\000v\000o\000l\000a\000t\000i\000l\000i\000t\000y\000.\000d\000o}{subsection.11.2}% 36
\BOOKMARK [2][-]{subsection.11.3}{\376\377\000F\000i\000g\000u\000r\000e\000\040\0001}{section.11}% 37
\BOOKMARK [3][-]{subsubsection.11.3.1}{\376\377\000m\000a\000i\000n\000.\000m}{subsection.11.3}% 38
\BOOKMARK [3][-]{subsubsection.11.3.2}{\376\377\000t\000o\000\137\000m\000i\000n\000i\000m\000i\000z\000e\000.\000m}{subsection.11.3}% 39
\BOOKMARK [2][-]{subsection.11.4}{\376\377\000F\000i\000g\000u\000r\000e\000\040\0002}{section.11}% 40
\BOOKMARK [3][-]{subsubsection.11.4.1}{\376\377\000m\000a\000i\000n\000.\000m}{subsection.11.4}% 41
\BOOKMARK [3][-]{subsubsection.11.4.2}{\376\377\000c\000o\000m\000p\000u\000t\000e\000\137\000e\000q\000.\000m}{subsection.11.4}% 42
\BOOKMARK [3][-]{subsubsection.11.4.3}{\376\377\000s\000o\000l\000v\000e\000\137\000f\000i\000r\000m\000\137\000p\000r\000o\000b\000l\000e\000m\000.\000m}{subsection.11.4}% 43
\BOOKMARK [3][-]{subsubsection.11.4.4}{\376\377\000a\000\137\000a\000l\000p\000h\000a\000\137\000s\000t\000a\000r\000.\000m}{subsection.11.4}% 44
\BOOKMARK [2][-]{subsection.11.5}{\376\377\000F\000i\000g\000u\000r\000e\000\040\0003}{section.11}% 45
\BOOKMARK [3][-]{subsubsection.11.5.1}{\376\377\000m\000a\000i\000n\000.\000m}{subsection.11.5}% 46
\BOOKMARK [3][-]{subsubsection.11.5.2}{\376\377\000c\000o\000m\000p\000u\000t\000e\000\137\000e\000q\000.\000m}{subsection.11.5}% 47
\BOOKMARK [3][-]{subsubsection.11.5.3}{\376\377\000s\000o\000l\000v\000e\000\137\000f\000i\000r\000m\000\137\000p\000r\000o\000b\000l\000e\000m\000.\000m}{subsection.11.5}% 48
\BOOKMARK [3][-]{subsubsection.11.5.4}{\376\377\000a\000\137\000a\000l\000p\000h\000a\000\137\000s\000t\000a\000r\000.\000m}{subsection.11.5}% 49
\BOOKMARK [3][-]{subsubsection.11.5.5}{\376\377\000c\000o\000m\000p\000u\000t\000e\000\137\000m\000o\000m\000e\000n\000t\000s\000.\000m}{subsection.11.5}% 50
\BOOKMARK [2][-]{subsection.11.6}{\376\377\000Q\000u\000a\000n\000t\000i\000t\000a\000t\000i\000v\000e\000\040\000a\000n\000a\000l\000y\000s\000i\000s}{section.11}% 51
\BOOKMARK [3][-]{subsubsection.11.6.1}{\376\377\000R\000e\000p\000l\000i\000c\000a\000t\000i\000o\000n\000.\000m}{subsection.11.6}% 52
\BOOKMARK [3][-]{subsubsection.11.6.2}{\376\377\000T\000F\000P\000.\000m}{subsection.11.6}% 53
\BOOKMARK [3][-]{subsubsection.11.6.3}{\376\377\000C\000h\000e\000c\000k\000.\000m}{subsection.11.6}% 54
\BOOKMARK [3][-]{subsubsection.11.6.4}{\376\377\000G\000e\000t\000d\000a\000t\000a\000.\000m}{subsection.11.6}% 55
\BOOKMARK [3][-]{subsubsection.11.6.5}{\376\377\000L\000o\000a\000d\000I\000O\000M\000a\000t\000.\000m}{subsection.11.6}% 56
\BOOKMARK [3][-]{subsubsection.11.6.6}{\376\377\000M\000e\000r\000g\000e\000d\000a\000t\000a\000.\000m}{subsection.11.6}% 57
\BOOKMARK [3][-]{subsubsection.11.6.7}{\376\377\000P\000r\000o\000c\000e\000s\000s\000d\000a\000t\000a\000.\000m}{subsection.11.6}% 58
\BOOKMARK [3][-]{subsubsection.11.6.8}{\376\377\000S\000t\000o\000r\000e\000d\000a\000t\000a\000.\000m}{subsection.11.6}% 59
\BOOKMARK [2][-]{subsection.11.7}{\376\377\000F\000i\000g\000u\000r\000e\000s\000\040\0004\000-\0008\000\040\000a\000n\000d\000\040\000S\000u\000p\000p\000l\000e\000m\000e\000n\000t\000a\000l\000\040\000A\000p\000p\000e\000n\000d\000i\000x\000\040\000F\000i\000g\000u\000r\000e\000s\000\040\0001\000-\0006}{section.11}% 60
\BOOKMARK [3][-]{subsubsection.11.7.1}{\376\377\000m\000a\000i\000n\000.\000m}{subsection.11.7}% 61
\BOOKMARK [3][-]{subsubsection.11.7.2}{\376\377\000a\000n\000a\000l\000y\000s\000i\000s\000\137\000c\000a\000l\000i\000b\000.\000m}{subsection.11.7}% 62
\BOOKMARK [3][-]{subsubsection.11.7.3}{\376\377\000o\000b\000j\000\137\000c\000a\000l\000i\000b\000\137\000k\000a\000p\000p\000a\000.\000m}{subsection.11.7}% 63
\BOOKMARK [3][-]{subsubsection.11.7.4}{\376\377\000c\000o\000m\000p\000u\000t\000e\000\137\000e\000q\000\137\000t\000i\000m\000e\000\137\000s\000e\000r\000i\000e\000s\000.\000m}{subsection.11.7}% 64
\BOOKMARK [3][-]{subsubsection.11.7.5}{\376\377\000b\000a\000r\000\137\000f\000u\000n\000c\000.\000m}{subsection.11.7}% 65
\BOOKMARK [3][-]{subsubsection.11.7.6}{\376\377\000a\000\137\000a\000l\000p\000h\000a\000\137\000s\000t\000a\000r\000.\000m}{subsection.11.7}% 66
\BOOKMARK [3][-]{subsubsection.11.7.7}{\376\377\000a\000n\000a\000l\000y\000s\000i\000s\000\137\000f\000i\000x\000e\000d\000\137\000r\000h\000o\000\137\000c\000a\000l\000i\000b\000.\000m}{subsection.11.7}% 67
\BOOKMARK [3][-]{subsubsection.11.7.8}{\376\377\000c\000o\000m\000p\000u\000t\000e\000\137\000e\000q\000.\000m}{subsection.11.7}% 68
\BOOKMARK [3][-]{subsubsection.11.7.9}{\376\377\000c\000o\000m\000p\000u\000t\000e\000\137\000e\000q\000\137\000f\000i\000r\000m\000\137\000i\000t\000e\000r\000a\000t\000i\000o\000n\000.\000m}{subsection.11.7}% 69
\BOOKMARK [3][-]{subsubsection.11.7.10}{\376\377\000c\000o\000m\000p\000u\000t\000e\000\137\000e\000q\000\137\000t\000i\000m\000e\000\137\000s\000e\000r\000i\000e\000s\000.\000m}{subsection.11.7}% 70
\BOOKMARK [3][-]{subsubsection.11.7.11}{\376\377\000c\000o\000m\000p\000u\000t\000e\000\137\000e\000q\000\137\000t\000i\000m\000e\000\137\000s\000e\000r\000i\000e\000s\000\137\000a\000l\000t\000\137\000e\000p\000s\000.\000m}{subsection.11.7}% 71
\BOOKMARK [3][-]{subsubsection.11.7.12}{\376\377\000e\000s\000t\000i\000m\000a\000t\000e\000\137\000t\000f\000p\000.\000m}{subsection.11.7}% 72
\BOOKMARK [3][-]{subsubsection.11.7.13}{\376\377\000g\000a\000r\000c\000h\000\137\000t\000f\000p\000.\000m}{subsection.11.7}% 73
\BOOKMARK [3][-]{subsubsection.11.7.14}{\376\377\000h\000e\000s\000s\000i\000a\000n\000\137\000f\000u\000n\000c\000.\000m}{subsection.11.7}% 74
\BOOKMARK [3][-]{subsubsection.11.7.15}{\376\377\000l\000o\000a\000d\000\137\000d\000a\000t\000a\000.\000m}{subsection.11.7}% 75
\BOOKMARK [3][-]{subsubsection.11.7.16}{\376\377\000o\000b\000j\000\137\000c\000a\000l\000i\000b\000\137\000k\000a\000p\000p\000a\000\137\000e\000s\000t\000.\000m}{subsection.11.7}% 76
\BOOKMARK [3][-]{subsubsection.11.7.17}{\376\377\000s\000o\000l\000v\000e\000\137\000f\000i\000r\000m\000\137\000p\000r\000o\000b\000l\000e\000m\000.\000m}{subsection.11.7}% 77
